DEBUG - 580 instructions outputed.
INFO - test
DEBUG - 0 instructions outputed.
INFO - test
DEBUG - 0 instructions outputed.
INFO - test
DEBUG - 3 instructions outputed.
INFO - test
DEBUG - 3 instructions outputed.
INFO - test
DEBUG - 3 instructions outputed.
INFO - test
DEBUG - 0 instructions outputed.
INFO - test
DEBUG - 3 instructions outputed.
INFO - test
DEBUG - 3 instructions outputed.
INFO - test
DEBUG - 3 instructions outputed.
INFO - test
DEBUG - 3 instructions outputed.
INFO - test
DEBUG - 3 instructions outputed.
INFO - test
DEBUG - 0 instructions outputed.
INFO - test
DEBUG - 3 instructions outputed.
INFO - test
DEBUG - 3 instructions outputed.
INFO - test
DEBUG - 3 instructions outputed.
INFO - test
DEBUG - 3 instructions outputed.
INFO - test
DEBUG - 3 instructions outputed.
INFO - test
DEBUG - 3 instructions outputed.
INFO - test
DEBUG - 0 instructions outputed.
INFO - test
DEBUG - 0 instructions outputed.
INFO - test
DEBUG - 0 instructions outputed.
INFO - test
DEBUG - 0 instructions outputed.
INFO - test
DEBUG - 0 instructions outputed.
INFO - test
DEBUG - 0 instructions outputed.
DEBUG - 580 instructions outputed.
INFO - 
DEBUG - 0 instructions outputed.
INFO - 
DEBUG - 0 instructions outputed.
INFO - a
DEBUG - 3 instructions outputed.
INFO - aw
DEBUG - 3 instructions outputed.
INFO - awe
DEBUG - 3 instructions outputed.
INFO - awei
DEBUG - 3 instructions outputed.
INFO - aweif
DEBUG - 3 instructions outputed.
INFO - aweifj
DEBUG - 3 instructions outputed.
INFO - aweifj
DEBUG - 0 instructions outputed.
INFO - aweifja
DEBUG - 3 instructions outputed.
INFO - aweifja;
DEBUG - 3 instructions outputed.
INFO - aweifja;w
DEBUG - 3 instructions outputed.
INFO - aweifja;we
DEBUG - 3 instructions outputed.
INFO - aweifja;wei
DEBUG - 3 instructions outputed.
INFO - aweifja;weio
DEBUG - 3 instructions outputed.
INFO - aweifja;weioj
DEBUG - 3 instructions outputed.
INFO - aweifja;weioj
DEBUG - 0 instructions outputed.
INFO - aweifja;weioj
DEBUG - 0 instructions outputed.
INFO - aweifja;weioj
DEBUG - 0 instructions outputed.
INFO - aweifja;weioj
DEBUG - 0 instructions outputed.
INFO - aweifja;weioj
DEBUG - 0 instructions outputed.
INFO - aweifja;weioj
DEBUG - 0 instructions outputed.
INFO - aweifja;weioj
DEBUG - 0 instructions outputed.
INFO - aweifja;weioj
DEBUG - 0 instructions outputed.
INFO - aweifja;weioj
DEBUG - 0 instructions outputed.
INFO - aweifja;weioj
DEBUG - 0 instructions outputed.
INFO - aweifja;weioj
DEBUG - 0 instructions outputed.
INFO - aweifja;weioj
DEBUG - 0 instructions outputed.
INFO - aweifja;weioj
DEBUG - 0 instructions outputed.
INFO - aweifja;weioj
DEBUG - 0 instructions outputed.
INFO - aweifja;weioj
DEBUG - 0 instructions outputed.
INFO - aweifja;weioj
DEBUG - 0 instructions outputed.
INFO - aweifja;weioj
DEBUG - 0 instructions outputed.
INFO - aweifja;weioj
DEBUG - 0 instructions outputed.
INFO - aweifja;weioj
DEBUG - 0 instructions outputed.
INFO - aweifja;weioj
DEBUG - 0 instructions outputed.
INFO - aweifja;weioj
DEBUG - 0 instructions outputed.
INFO - aweifja;weioj
DEBUG - 0 instructions outputed.
INFO - aweifja;weioj
DEBUG - 0 instructions outputed.
INFO - aweifja;weioj
DEBUG - 0 instructions outputed.
INFO - aweifja;weioj
DEBUG - 0 instructions outputed.
INFO - aweifja;weioj
DEBUG - 0 instructions outputed.
INFO - aweifja;weioj
DEBUG - 0 instructions outputed.
INFO - aweifja;weioj
DEBUG - 0 instructions outputed.
INFO - aweifja;weioj
DEBUG - 0 instructions outputed.
INFO - aweifja;weioj
DEBUG - 0 instructions outputed.
INFO - aweifja;weioj
DEBUG - 0 instructions outputed.
INFO - aweifja;weioj
DEBUG - 0 instructions outputed.
INFO - aweifja;weioj
DEBUG - 0 instructions outputed.
INFO - aweifja;weioj
DEBUG - 0 instructions outputed.
INFO - aweifja;weioj
DEBUG - 0 instructions outputed.
INFO - aweifja;weioj
DEBUG - 0 instructions outputed.
INFO - aweifja;weioj
DEBUG - 0 instructions outputed.
INFO - aweifja;weioj
DEBUG - 0 instructions outputed.
INFO - aweifja;weioj
DEBUG - 0 instructions outputed.
INFO - aweifja;weioj
DEBUG - 0 instructions outputed.
INFO - aweifja;weioj
DEBUG - 0 instructions outputed.
