DEBUG - 580 instructions outputed.
INFO - 
DEBUG - 0 instructions outputed.
INFO - 
DEBUG - 0 instructions outputed.
INFO - 
DEBUG - 0 instructions outputed.
INFO - 
DEBUG - 0 instructions outputed.
INFO - a
DEBUG - 3 instructions outputed.
INFO - aw
DEBUG - 3 instructions outputed.
INFO - awe
DEBUG - 3 instructions outputed.
INFO - awe
DEBUG - 0 instructions outputed.
INFO - awei
DEBUG - 3 instructions outputed.
INFO - aweif
DEBUG - 3 instructions outputed.
INFO - aweifj
DEBUG - 3 instructions outputed.
INFO - aweifja
DEBUG - 3 instructions outputed.
INFO - aweifjaw
DEBUG - 3 instructions outputed.
INFO - aweifjawe
DEBUG - 3 instructions outputed.
INFO - aweifjawel
DEBUG - 3 instructions outputed.
INFO - aweifjaweli
DEBUG - 3 instructions outputed.
INFO - aweifjaweli
DEBUG - 0 instructions outputed.
INFO - aweifjawelif
DEBUG - 3 instructions outputed.
INFO - aweifjawelifj
DEBUG - 3 instructions outputed.
INFO - aweifjawelifjl
DEBUG - 3 instructions outputed.
INFO - aweifjawelifjla
DEBUG - 3 instructions outputed.
INFO - aweifjawelifjla
DEBUG - 0 instructions outputed.
INFO - aweifjawelifjlai
DEBUG - 3 instructions outputed.
INFO - aweifjawelifjlaiw
DEBUG - 3 instructions outputed.
INFO - aweifjawelifjlaiwj
DEBUG - 3 instructions outputed.
INFO - aweifjawelifjlaiwj
DEBUG - 0 instructions outputed.
INFO - aweifjawelifjlaiwj
DEBUG - 0 instructions outputed.
INFO - aweifjawelifjlaiwj
DEBUG - 0 instructions outputed.
INFO - aweifjawelifjlaiwj
DEBUG - 0 instructions outputed.
INFO - aweifjawelifjlaiwj
DEBUG - 0 instructions outputed.
INFO - aweifjawelifjlaiwj
DEBUG - 0 instructions outputed.
INFO - aweifjawelifjlaiwj
DEBUG - 0 instructions outputed.
INFO - aweifjawelifjlaiwj
DEBUG - 0 instructions outputed.
INFO - aweifjawelifjlaiwj
DEBUG - 0 instructions outputed.
INFO - aweifjawelifjlaiwj
DEBUG - 0 instructions outputed.
INFO - aweifjawelifjlaiwj
DEBUG - 0 instructions outputed.
INFO - aweifjawelifjlaiwj
DEBUG - 0 instructions outputed.
INFO - aweifjawelifjlaiwj
DEBUG - 0 instructions outputed.
INFO - aweifjawelifjlaiwj
DEBUG - 0 instructions outputed.
INFO - aweifjawelifjlaiwj
DEBUG - 0 instructions outputed.
INFO - aweifjawelifjlaiwj
DEBUG - 0 instructions outputed.
INFO - aweifjawelifjlaiwj
DEBUG - 0 instructions outputed.
INFO - aweifjawelifjlaiwj
DEBUG - 0 instructions outputed.
INFO - aweifjawelifjlaiwj
DEBUG - 0 instructions outputed.
INFO - aweifjawelifjlaiwj
DEBUG - 0 instructions outputed.
INFO - aweifjawelifjlaiwj
DEBUG - 0 instructions outputed.
INFO - aweifjawelifjlaiwj
DEBUG - 0 instructions outputed.
INFO - aweifjawelifjlaiwj
DEBUG - 0 instructions outputed.
INFO - aweifjawelifjlaiwj
DEBUG - 0 instructions outputed.
INFO - aweifjawelifjlaiwj
DEBUG - 0 instructions outputed.
INFO - aweifjawelifjlaiwj
DEBUG - 0 instructions outputed.
INFO - aweifjawelifjlaiwj
DEBUG - 0 instructions outputed.
INFO - aweifjawelifjlaiwj
DEBUG - 0 instructions outputed.
INFO - aweifjawelifjlaiwja
DEBUG - 3 instructions outputed.
INFO - aweifjawelifjlaiwja
DEBUG - 0 instructions outputed.
INFO - aweifjawelifjlaiwjaw
DEBUG - 3 instructions outputed.
INFO - aweifjawelifjlaiwjawl
DEBUG - 3 instructions outputed.
INFO - aweifjawelifjlaiwjawli
DEBUG - 3 instructions outputed.
INFO - aweifjawelifjlaiwjawlie
DEBUG - 3 instructions outputed.
INFO - aweifjawelifjlaiwjawliej
DEBUG - 3 instructions outputed.
INFO - aweifjawelifjlaiwjawliejf
DEBUG - 3 instructions outputed.
INFO - aweifjawelifjlaiwjawliejf
DEBUG - 0 instructions outputed.
INFO - aweifjawelifjlaiwjawliejfl
DEBUG - 3 instructions outputed.
INFO - aweifjawelifjlaiwjawliejfla
DEBUG - 3 instructions outputed.
INFO - aweifjawelifjlaiwjawliejflaw
DEBUG - 3 instructions outputed.
INFO - aweifjawelifjlaiwjawliejflawi
DEBUG - 3 instructions outputed.
INFO - aweifjawelifjlaiwjawliejflawie
DEBUG - 3 instructions outputed.
INFO - aweifjawelifjlaiwjawliejflawiej
DEBUG - 3 instructions outputed.
INFO - aweifjawelifjlaiwjawliejflawiej
DEBUG - 0 instructions outputed.
INFO - aweifjawelifjlaiwjawliejflawiejf
DEBUG - 3 instructions outputed.
INFO - aweifjawelifjlaiwjawliejflawiejfl
DEBUG - 3 instructions outputed.
INFO - aweifjawelifjlaiwjawliejflawiejfla
DEBUG - 3 instructions outputed.
INFO - aweifjawelifjlaiwjawliejflawiejflai
DEBUG - 3 instructions outputed.
INFO - aweifjawelifjlaiwjawliejflawiejflaiw
DEBUG - 3 instructions outputed.
INFO - aweifjawelifjlaiwjawliejflawiejflaiw
DEBUG - 0 instructions outputed.
INFO - aweifjawelifjlaiwjawliejflawiejflaiwe
DEBUG - 3 instructions outputed.
INFO - aweifjawelifjlaiwjawliejflawiejflaiwej
DEBUG - 3 instructions outputed.
INFO - aweifjawelifjlaiwjawliejflawiejflaiwej
DEBUG - 0 instructions outputed.
INFO - aweifjawelifjlaiwjawliejflawiejflaiwej
DEBUG - 0 instructions outputed.
INFO - aweifjawelifjlaiwjawliejflawiejflaiweja
DEBUG - 3 instructions outputed.
INFO - aweifjawelifjlaiwjawliejflawiejflaiwejaw
DEBUG - 3 instructions outputed.
INFO - aweifjawelifjlaiwjawliejflawiejflaiwejaw
DEBUG - 0 instructions outputed.
INFO - aweifjawelifjlaiwjawliejflawiejflaiwejaw:
DEBUG - 3 instructions outputed.
INFO - aweifjawelifjlaiwjawliejflawiejflaiwejaw:e
DEBUG - 3 instructions outputed.
INFO - aweifjawelifjlaiwjawliejflawiejflaiwejaw:ei
DEBUG - 3 instructions outputed.
INFO - aweifjawelifjlaiwjawliejflawiejflaiwejaw:eif
DEBUG - 3 instructions outputed.
INFO - aweifjawelifjlaiwjawliejflawiejflaiwejaw:eifj
DEBUG - 3 instructions outputed.
INFO - aweifjawelifjlaiwjawliejflawiejflaiwejaw:eifj
DEBUG - 0 instructions outputed.
INFO - aweifjawelifjlaiwjawliejflawiejflaiwejaw:eifja
DEBUG - 3 instructions outputed.
INFO - aweifjawelifjlaiwjawliejflawiejflaiwejaw:eifja@
DEBUG - 3 instructions outputed.
INFO - aweifjawelifjlaiwjawliejflawiejflaiwejaw:eifja@w
DEBUG - 3 instructions outputed.
INFO - aweifjawelifjlaiwjawliejflawiejflaiwejaw:eifja@wp
DEBUG - 3 instructions outputed.
INFO - aweifjawelifjlaiwjawliejflawiejflaiwejaw:eifja@wpe
DEBUG - 3 instructions outputed.
INFO - aweifjawelifjlaiwjawliejflawiejflaiwejaw:eifja@wpei
DEBUG - 3 instructions outputed.
INFO - aweifjawelifjlaiwjawliejflawiejflaiwejaw:eifja@wpeif
DEBUG - 3 instructions outputed.
INFO - aweifjawelifjlaiwjawliejflawiejflaiwejaw:eifja@wpeif
DEBUG - 0 instructions outputed.
INFO - aweifjawelifjlaiwjawliejflawiejflaiwejaw:eifja@wpeifj
DEBUG - 3 instructions outputed.
INFO - aweifjawelifjlaiwjawliejflawiejflaiwejaw:eifja@wpeifja
DEBUG - 3 instructions outputed.
INFO - aweifjawelifjlaiwjawliejflawiejflaiwejaw:eifja@wpeifjaw
DEBUG - 3 instructions outputed.
INFO - aweifjawelifjlaiwjawliejflawiejflaiwejaw:eifja@wpeifjaw;
DEBUG - 3 instructions outputed.
INFO - aweifjawelifjlaiwjawliejflawiejflaiwejaw:eifja@wpeifjaw;e
DEBUG - 3 instructions outputed.
INFO - aweifjawelifjlaiwjawliejflawiejflaiwejaw:eifja@wpeifjaw;ei
DEBUG - 3 instructions outputed.
INFO - aweifjawelifjlaiwjawliejflawiejflaiwejaw:eifja@wpeifjaw;ei
DEBUG - 0 instructions outputed.
INFO - aweifjawelifjlaiwjawliejflawiejflaiwejaw:eifja@wpeifjaw;eif
DEBUG - 3 instructions outputed.
INFO - aweifjawelifjlaiwjawliejflawiejflaiwejaw:eifja@wpeifjaw;eifj
DEBUG - 3 instructions outputed.
INFO - aweifjawelifjlaiwjawliejflawiejflaiwejaw:eifja@wpeifjaw;eifja
DEBUG - 3 instructions outputed.
INFO - aweifjawelifjlaiwjawliejflawiejflaiwejaw:eifja@wpeifjaw;eifja;
DEBUG - 3 instructions outputed.
INFO - aweifjawelifjlaiwjawliejflawiejflaiwejaw:eifja@wpeifjaw;eifja;w
DEBUG - 3 instructions outputed.
INFO - aweifjawelifjlaiwjawliejflawiejflaiwejaw:eifja@wpeifjaw;eifja;w
DEBUG - 0 instructions outputed.
INFO - aweifjawelifjlaiwjawliejflawiejflaiwejaw:eifja@wpeifjaw;eifja;we
DEBUG - 3 instructions outputed.
INFO - aweifjawelifjlaiwjawliejflawiejflaiwejaw:eifja@wpeifjaw;eifja;wei
DEBUG - 3 instructions outputed.
INFO - aweifjawelifjlaiwjawliejflawiejflaiwejaw:eifja@wpeifjaw;eifja;weio
DEBUG - 3 instructions outputed.
INFO - aweifjawelifjlaiwjawliejflawiejflaiwejaw:eifja@wpeifjaw;eifja;weiof
DEBUG - 3 instructions outputed.
INFO - aweifjawelifjlaiwjawliejflawiejflaiwejaw:eifja@wpeifjaw;eifja;weiofj
DEBUG - 3 instructions outputed.
INFO - aweifjawelifjlaiwjawliejflawiejflaiwejaw:eifja@wpeifjaw;eifja;weiofj
DEBUG - 0 instructions outputed.
INFO - aweifjawelifjlaiwjawliejflawiejflaiwejaw:eifja@wpeifjaw;eifja;weiofj
DEBUG - 0 instructions outputed.
INFO - aweifjawelifjlaiwjawliejflawiejflaiwejaw:eifja@wpeifjaw;eifja;weiofj
DEBUG - 0 instructions outputed.
INFO - aweifjawelifjlaiwjawliejflawiejflaiwejaw:eifja@wpeifjaw;eifja;weiofj
DEBUG - 0 instructions outputed.
INFO - aweifjawelifjlaiwjawliejflawiejflaiwejaw:eifja@wpeifjaw;eifja;weiofj
DEBUG - 0 instructions outputed.
INFO - aweifjawelifjlaiwjawliejflawiejflaiwejaw:eifja@wpeifjaw;eifja;weiofj
DEBUG - 0 instructions outputed.
INFO - aweifjawelifjlaiwjawliejflawiejflaiwejaw:eifja@wpeifjaw;eifja;weiofj
DEBUG - 0 instructions outputed.
INFO - aweifjawelifjlaiwjawliejflawiejflaiwejaw:eifja@wpeifjaw;eifja;weiofj
DEBUG - 0 instructions outputed.
INFO - aweifjawelifjlaiwjawliejflawiejflaiwejaw:eifja@wpeifjaw;eifja;weiofj
DEBUG - 0 instructions outputed.
INFO - aweifjawelifjlaiwjawliejflawiejflaiwejaw:eifja@wpeifjaw;eifja;weiofj
DEBUG - 0 instructions outputed.
INFO - aweifjawelifjlaiwjawliejflawiejflaiwejaw:eifja@wpeifjaw;eifja;weiofj
DEBUG - 0 instructions outputed.
INFO - aweifjawelifjlaiwjawliejflawiejflaiwejaw:eifja@wpeifjaw;eifja;weiofj
DEBUG - 0 instructions outputed.
INFO - aweifjawelifjlaiwjawliejflawiejflaiwejaw:eifja@wpeifjaw;eifja;weiofj
DEBUG - 0 instructions outputed.
INFO - aweifjawelifjlaiwjawliejflawiejflaiwejaw:eifja@wpeifjaw;eifja;weiofj
DEBUG - 0 instructions outputed.
INFO - aweifjawelifjlaiwjawliejflawiejflaiwejaw:eifja@wpeifjaw;eifja;weiofj
DEBUG - 0 instructions outputed.
INFO - aweifjawelifjlaiwjawliejflawiejflaiwejaw:eifja@wpeifjaw;eifja;weiofj
DEBUG - 0 instructions outputed.
INFO - aweifjawelifjlaiwjawliejflawiejflaiwejaw:eifja@wpeifjaw;eifja;weiofj
DEBUG - 0 instructions outputed.
INFO - aweifjawelifjlaiwjawliejflawiejflaiwejaw:eifja@wpeifjaw;eifja;weiofj
DEBUG - 0 instructions outputed.
INFO - 
INFO - 
INFO - a
INFO - a;
INFO - a;w
INFO - a;w
INFO - a;wi
INFO - a;wio
INFO - a;wioe
INFO - a;wioef
INFO - a;wioefj
INFO - a;wioefja
INFO - a;wioefja;
INFO - a;wioefja;
INFO - a;wioefja;w
INFO - a;wioefja;we
INFO - a;wioefja;weo
INFO - a;wioefja;weoi
INFO - a;wioefja;weoij
INFO - a;wioefja;weoijf
INFO - a;wioefja;weoijf
INFO - a;wioefja;weoijfa
INFO - a;wioefja;weoijfa;
INFO - a;wioefja;weoijfa;
INFO - a;wioefja;weoijfa;
INFO - a;wioefja;weoijfa;a
INFO - a;wioefja;weoijfa;a;
INFO - a;wioefja;weoijfa;a;w
INFO - a;wioefja;weoijfa;a;wi
INFO - a;wioefja;weoijfa;a;wie
INFO - a;wioefja;weoijfa;a;wie
INFO - a;wioefja;weoijfa;a;wief
INFO - a;wioefja;weoijfa;a;wiefj
INFO - a;wioefja;weoijfa;a;wiefja
INFO - a;wioefja;weoijfa;a;wiefja;
INFO - a;wioefja;weoijfa;a;wiefja;o
INFO - a;wioefja;weoijfa;a;wiefja;ow
INFO - a;wioefja;weoijfa;a;wiefja;owi
INFO - a;wioefja;weoijfa;a;wiefja;owie
INFO - a;wioefja;weoijfa;a;wiefja;owiej
INFO - a;wioefja;weoijfa;a;wiefja;owiej
INFO - a;wioefja;weoijfa;a;wiefja;owiejf
INFO - a;wioefja;weoijfa;a;wiefja;owiejf
INFO - a;wioefja;weoijfa;a;wiefja;owiejf
INFO - a;wioefja;weoijfa;a;wiefja;owiejf
INFO - a;wioefja;weoijfa;a;wiefja;owiejf	
INFO - a;wioefja;weoijfa;a;wiefja;owiejf	
